I, [2023-09-03T20:02:04.186205 #31436]  INFO -- terraform-terraform: -----> Destroying <terraform-terraform>...
W, [2023-09-03T20:02:04.187767 #31436]  WARN -- terraform-terraform: Reading the Terraform client version...
I, [2023-09-03T20:02:04.995412 #31436]  INFO -- terraform-terraform: Terraform v1.1.6
I, [2023-09-03T20:02:04.995562 #31436]  INFO -- terraform-terraform: on windows_amd64
I, [2023-09-03T20:02:04.995648 #31436]  INFO -- terraform-terraform: + provider registry.terraform.io/hashicorp/azurerm v3.71.0
I, [2023-09-03T20:02:04.995739 #31436]  INFO -- terraform-terraform: + provider registry.terraform.io/hashicorp/random v3.5.1
I, [2023-09-03T20:02:04.995856 #31436]  INFO -- terraform-terraform: 
I, [2023-09-03T20:02:04.995946 #31436]  INFO -- terraform-terraform: Your version of Terraform is out of date! The latest version
I, [2023-09-03T20:02:04.996048 #31436]  INFO -- terraform-terraform: is 1.5.6. You can update by downloading from https://www.terraform.io/downloads.html
W, [2023-09-03T20:02:05.026895 #31436]  WARN -- terraform-terraform: Finished reading the Terraform client version.
W, [2023-09-03T20:02:05.027407 #31436]  WARN -- terraform-terraform: Verifying the Terraform client version is in the supported interval of >= 0.11.4, < 2.0.0...
W, [2023-09-03T20:02:05.028085 #31436]  WARN -- terraform-terraform: Finished verifying the Terraform client version.
W, [2023-09-03T20:02:05.028609 #31436]  WARN -- terraform-terraform: Initializing the Terraform working directory...
I, [2023-09-03T20:02:06.008139 #31436]  INFO -- terraform-terraform: [0m[1mInitializing modules...[0m
I, [2023-09-03T20:02:06.023549 #31436]  INFO -- terraform-terraform: 
I, [2023-09-03T20:02:06.023690 #31436]  INFO -- terraform-terraform: [0m[1mInitializing the backend...[0m
I, [2023-09-03T20:02:06.680812 #31436]  INFO -- terraform-terraform: 
I, [2023-09-03T20:02:06.680987 #31436]  INFO -- terraform-terraform: [0m[1mInitializing provider plugins...[0m
I, [2023-09-03T20:02:06.681043 #31436]  INFO -- terraform-terraform: - Reusing previous version of hashicorp/random from the dependency lock file
I, [2023-09-03T20:02:07.202200 #31436]  INFO -- terraform-terraform: - Reusing previous version of hashicorp/azurerm from the dependency lock file
I, [2023-09-03T20:02:07.442654 #31436]  INFO -- terraform-terraform: - Using previously-installed hashicorp/random v3.5.1
I, [2023-09-03T20:02:07.953894 #31436]  INFO -- terraform-terraform: - Using previously-installed hashicorp/azurerm v3.71.0
I, [2023-09-03T20:02:07.953988 #31436]  INFO -- terraform-terraform: 
I, [2023-09-03T20:02:07.954031 #31436]  INFO -- terraform-terraform: [0m[1m[32mTerraform has been successfully initialized![0m[32m[0m
W, [2023-09-03T20:02:07.970848 #31436]  WARN -- terraform-terraform: Finished initializing the Terraform working directory.
W, [2023-09-03T20:02:07.971481 #31436]  WARN -- terraform-terraform: Selecting the kitchen-terraform-terraform-terraform Terraform workspace...
I, [2023-09-03T20:02:09.320573 #31436]  INFO -- terraform-terraform: [0m[32mSwitched to workspace "kitchen-terraform-terraform-terraform".[0m
W, [2023-09-03T20:02:09.346019 #31436]  WARN -- terraform-terraform: Finished selecting the kitchen-terraform-terraform-terraform Terraform workspace.
W, [2023-09-03T20:02:09.347194 #31436]  WARN -- terraform-terraform: Destroying the Terraform-managed infrastructure...
I, [2023-09-03T20:02:23.394696 #31436]  INFO -- terraform-terraform: [0m[1mazurerm_key_vault.akv: Refreshing state... [id=/subscriptions/0c829809-3ea0-423b-969d-23ff8c759098/resourceGroups/srini-epam-ctc-poc/providers/Microsoft.KeyVault/vaults/epmakvinttest20230901][0m
I, [2023-09-03T20:02:31.203763 #31436]  INFO -- terraform-terraform: [0m[1mmodule.storage_account["storage1"].random_string.main: Refreshing state... [id=4c9][0m
I, [2023-09-03T20:02:32.396510 #31436]  INFO -- terraform-terraform: [0m[1mmodule.storage_account["storage1"].azurerm_storage_account.main: Refreshing state... [id=/subscriptions/0c829809-3ea0-423b-969d-23ff8c759098/resourceGroups/srini-epam-ctc-poc/providers/Microsoft.Storage/storageAccounts/tfinttestepm20230901][0m
I, [2023-09-03T20:02:45.614472 #31436]  INFO -- terraform-terraform: 
I, [2023-09-03T20:02:45.614639 #31436]  INFO -- terraform-terraform: Terraform used the selected providers to generate the following execution
I, [2023-09-03T20:02:45.614808 #31436]  INFO -- terraform-terraform: plan. Resource actions are indicated with the following symbols:
I, [2023-09-03T20:02:45.614960 #31436]  INFO -- terraform-terraform:   [31m-[0m destroy
I, [2023-09-03T20:02:45.615120 #31436]  INFO -- terraform-terraform: [0m
I, [2023-09-03T20:02:45.615278 #31436]  INFO -- terraform-terraform: Terraform will perform the following actions:
I, [2023-09-03T20:02:45.615423 #31436]  INFO -- terraform-terraform: 
I, [2023-09-03T20:02:45.615571 #31436]  INFO -- terraform-terraform: [1m  # azurerm_key_vault.akv[0m will be [1m[31mdestroyed[0m[0m
I, [2023-09-03T20:02:45.615729 #31436]  INFO -- terraform-terraform: [0m  [31m-[0m[0m resource "azurerm_key_vault" "akv" {
I, [2023-09-03T20:02:45.615900 #31436]  INFO -- terraform-terraform:       [31m-[0m [0m[1m[0maccess_policy[0m[0m                   = [] [90m->[0m [0m[90mnull[0m[0m
I, [2023-09-03T20:02:45.616047 #31436]  INFO -- terraform-terraform:       [31m-[0m [0m[1m[0menable_rbac_authorization[0m[0m       = false [90m->[0m [0m[90mnull[0m[0m
I, [2023-09-03T20:02:45.616203 #31436]  INFO -- terraform-terraform:       [31m-[0m [0m[1m[0menabled_for_deployment[0m[0m          = false [90m->[0m [0m[90mnull[0m[0m
I, [2023-09-03T20:02:45.616400 #31436]  INFO -- terraform-terraform:       [31m-[0m [0m[1m[0menabled_for_disk_encryption[0m[0m     = false [90m->[0m [0m[90mnull[0m[0m
I, [2023-09-03T20:02:45.616552 #31436]  INFO -- terraform-terraform:       [31m-[0m [0m[1m[0menabled_for_template_deployment[0m[0m = false [90m->[0m [0m[90mnull[0m[0m
I, [2023-09-03T20:02:45.616722 #31436]  INFO -- terraform-terraform:       [31m-[0m [0m[1m[0mid[0m[0m                              = "/subscriptions/0c829809-3ea0-423b-969d-23ff8c759098/resourceGroups/srini-epam-ctc-poc/providers/Microsoft.KeyVault/vaults/epmakvinttest20230901" [90m->[0m [0m[90mnull[0m[0m
I, [2023-09-03T20:02:45.616882 #31436]  INFO -- terraform-terraform:       [31m-[0m [0m[1m[0mlocation[0m[0m                        = "eastus" [90m->[0m [0m[90mnull[0m[0m
I, [2023-09-03T20:02:45.617029 #31436]  INFO -- terraform-terraform:       [31m-[0m [0m[1m[0mname[0m[0m                            = "epmakvinttest20230901" [90m->[0m [0m[90mnull[0m[0m
I, [2023-09-03T20:02:45.617190 #31436]  INFO -- terraform-terraform:       [31m-[0m [0m[1m[0mpublic_network_access_enabled[0m[0m   = true [90m->[0m [0m[90mnull[0m[0m
I, [2023-09-03T20:02:45.617331 #31436]  INFO -- terraform-terraform:       [31m-[0m [0m[1m[0mpurge_protection_enabled[0m[0m        = false [90m->[0m [0m[90mnull[0m[0m
I, [2023-09-03T20:02:45.617478 #31436]  INFO -- terraform-terraform:       [31m-[0m [0m[1m[0mresource_group_name[0m[0m             = "srini-epam-ctc-poc" [90m->[0m [0m[90mnull[0m[0m
I, [2023-09-03T20:02:45.617627 #31436]  INFO -- terraform-terraform:       [31m-[0m [0m[1m[0msku_name[0m[0m                        = "standard" [90m->[0m [0m[90mnull[0m[0m
I, [2023-09-03T20:02:45.617747 #31436]  INFO -- terraform-terraform:       [31m-[0m [0m[1m[0msoft_delete_retention_days[0m[0m      = 90 [90m->[0m [0m[90mnull[0m[0m
I, [2023-09-03T20:02:45.617903 #31436]  INFO -- terraform-terraform:       [31m-[0m [0m[1m[0mtags[0m[0m                            = {} [90m->[0m [0m[90mnull[0m[0m
I, [2023-09-03T20:02:45.618055 #31436]  INFO -- terraform-terraform:       [31m-[0m [0m[1m[0mtenant_id[0m[0m                       = "b41b72d0-4e9f-4c26-8a69-f949f367c91d" [90m->[0m [0m[90mnull[0m[0m
I, [2023-09-03T20:02:45.618219 #31436]  INFO -- terraform-terraform:       [31m-[0m [0m[1m[0mvault_uri[0m[0m                       = "https://epmakvinttest20230901.vault.azure.net/" [90m->[0m [0m[90mnull[0m[0m
I, [2023-09-03T20:02:45.618319 #31436]  INFO -- terraform-terraform: 
I, [2023-09-03T20:02:45.618400 #31436]  INFO -- terraform-terraform:       [31m-[0m [0mnetwork_acls {
I, [2023-09-03T20:02:45.618491 #31436]  INFO -- terraform-terraform:    [31m-[0m [0m[1m[0mbypass[0m[0m                     = "AzureServices" [90m->[0m [0m[90mnull[0m[0m
I, [2023-09-03T20:02:45.618571 #31436]  INFO -- terraform-terraform:    [31m-[0m [0m[1m[0mdefault_action[0m[0m             = "Allow" [90m->[0m [0m[90mnull[0m[0m
I, [2023-09-03T20:02:45.618653 #31436]  INFO -- terraform-terraform:    [31m-[0m [0m[1m[0mip_rules[0m[0m                   = [] [90m->[0m [0m[90mnull[0m[0m
I, [2023-09-03T20:02:45.618734 #31436]  INFO -- terraform-terraform:    [31m-[0m [0m[1m[0mvirtual_network_subnet_ids[0m[0m = [] [90m->[0m [0m[90mnull[0m[0m
I, [2023-09-03T20:02:45.618830 #31436]  INFO -- terraform-terraform:  }
I, [2023-09-03T20:02:45.618920 #31436]  INFO -- terraform-terraform:     }
I, [2023-09-03T20:02:45.619040 #31436]  INFO -- terraform-terraform: 
I, [2023-09-03T20:02:45.619188 #31436]  INFO -- terraform-terraform: [1m  # module.storage_account["storage1"].azurerm_storage_account.main[0m will be [1m[31mdestroyed[0m[0m
I, [2023-09-03T20:02:45.619246 #31436]  INFO -- terraform-terraform: [0m  [31m-[0m[0m resource "azurerm_storage_account" "main" {
I, [2023-09-03T20:02:45.619297 #31436]  INFO -- terraform-terraform:       [31m-[0m [0m[1m[0maccess_tier[0m[0m                       = "Hot" [90m->[0m [0m[90mnull[0m[0m
I, [2023-09-03T20:02:45.619345 #31436]  INFO -- terraform-terraform:       [31m-[0m [0m[1m[0maccount_kind[0m[0m                      = "StorageV2" [90m->[0m [0m[90mnull[0m[0m
I, [2023-09-03T20:02:45.619391 #31436]  INFO -- terraform-terraform:       [31m-[0m [0m[1m[0maccount_replication_type[0m[0m          = "LRS" [90m->[0m [0m[90mnull[0m[0m
I, [2023-09-03T20:02:45.619437 #31436]  INFO -- terraform-terraform:       [31m-[0m [0m[1m[0maccount_tier[0m[0m                      = "Standard" [90m->[0m [0m[90mnull[0m[0m
I, [2023-09-03T20:02:45.619483 #31436]  INFO -- terraform-terraform:       [31m-[0m [0m[1m[0mallow_nested_items_to_be_public[0m[0m   = true [90m->[0m [0m[90mnull[0m[0m
I, [2023-09-03T20:02:45.619529 #31436]  INFO -- terraform-terraform:       [31m-[0m [0m[1m[0mcross_tenant_replication_enabled[0m[0m  = true [90m->[0m [0m[90mnull[0m[0m
I, [2023-09-03T20:02:45.619576 #31436]  INFO -- terraform-terraform:       [31m-[0m [0m[1m[0mdefault_to_oauth_authentication[0m[0m   = false [90m->[0m [0m[90mnull[0m[0m
I, [2023-09-03T20:02:45.619624 #31436]  INFO -- terraform-terraform:       [31m-[0m [0m[1m[0menable_https_traffic_only[0m[0m         = true [90m->[0m [0m[90mnull[0m[0m
I, [2023-09-03T20:02:45.629643 #31436]  INFO -- terraform-terraform:       [31m-[0m [0m[1m[0mid[0m[0m                                = "/subscriptions/0c829809-3ea0-423b-969d-23ff8c759098/resourceGroups/srini-epam-ctc-poc/providers/Microsoft.Storage/storageAccounts/tfinttestepm20230901" [90m->[0m [0m[90mnull[0m[0m
I, [2023-09-03T20:02:45.629721 #31436]  INFO -- terraform-terraform:       [31m-[0m [0m[1m[0minfrastructure_encryption_enabled[0m[0m = false [90m->[0m [0m[90mnull[0m[0m
I, [2023-09-03T20:02:45.629768 #31436]  INFO -- terraform-terraform:       [31m-[0m [0m[1m[0mis_hns_enabled[0m[0m                    = false [90m->[0m [0m[90mnull[0m[0m
I, [2023-09-03T20:02:45.629807 #31436]  INFO -- terraform-terraform:       [31m-[0m [0m[1m[0mlocation[0m[0m                          = "eastus" [90m->[0m [0m[90mnull[0m[0m
I, [2023-09-03T20:02:45.629844 #31436]  INFO -- terraform-terraform:       [31m-[0m [0m[1m[0mmin_tls_version[0m[0m                   = "TLS1_2" [90m->[0m [0m[90mnull[0m[0m
I, [2023-09-03T20:02:45.629879 #31436]  INFO -- terraform-terraform:       [31m-[0m [0m[1m[0mname[0m[0m                              = "tfinttestepm20230901" [90m->[0m [0m[90mnull[0m[0m
I, [2023-09-03T20:02:45.629918 #31436]  INFO -- terraform-terraform:       [31m-[0m [0m[1m[0mnfsv3_enabled[0m[0m                     = false [90m->[0m [0m[90mnull[0m[0m
I, [2023-09-03T20:02:45.629957 #31436]  INFO -- terraform-terraform:       [31m-[0m [0m[1m[0mprimary_access_key[0m[0m                = (sensitive value)
I, [2023-09-03T20:02:45.629992 #31436]  INFO -- terraform-terraform:       [31m-[0m [0m[1m[0mprimary_blob_connection_string[0m[0m    = (sensitive value)
I, [2023-09-03T20:02:45.630027 #31436]  INFO -- terraform-terraform:       [31m-[0m [0m[1m[0mprimary_blob_endpoint[0m[0m             = "https://tfinttestepm20230901.blob.core.windows.net/" [90m->[0m [0m[90mnull[0m[0m
I, [2023-09-03T20:02:45.630062 #31436]  INFO -- terraform-terraform:       [31m-[0m [0m[1m[0mprimary_blob_host[0m[0m                 = "tfinttestepm20230901.blob.core.windows.net" [90m->[0m [0m[90mnull[0m[0m
I, [2023-09-03T20:02:45.630097 #31436]  INFO -- terraform-terraform:       [31m-[0m [0m[1m[0mprimary_connection_string[0m[0m         = (sensitive value)
I, [2023-09-03T20:02:45.630132 #31436]  INFO -- terraform-terraform:       [31m-[0m [0m[1m[0mprimary_dfs_endpoint[0m[0m              = "https://tfinttestepm20230901.dfs.core.windows.net/" [90m->[0m [0m[90mnull[0m[0m
I, [2023-09-03T20:02:45.630169 #31436]  INFO -- terraform-terraform:       [31m-[0m [0m[1m[0mprimary_dfs_host[0m[0m                  = "tfinttestepm20230901.dfs.core.windows.net" [90m->[0m [0m[90mnull[0m[0m
I, [2023-09-03T20:02:45.630204 #31436]  INFO -- terraform-terraform:       [31m-[0m [0m[1m[0mprimary_file_endpoint[0m[0m             = "https://tfinttestepm20230901.file.core.windows.net/" [90m->[0m [0m[90mnull[0m[0m
I, [2023-09-03T20:02:45.630239 #31436]  INFO -- terraform-terraform:       [31m-[0m [0m[1m[0mprimary_file_host[0m[0m                 = "tfinttestepm20230901.file.core.windows.net" [90m->[0m [0m[90mnull[0m[0m
I, [2023-09-03T20:02:45.630274 #31436]  INFO -- terraform-terraform:       [31m-[0m [0m[1m[0mprimary_location[0m[0m                  = "eastus" [90m->[0m [0m[90mnull[0m[0m
I, [2023-09-03T20:02:45.630308 #31436]  INFO -- terraform-terraform:       [31m-[0m [0m[1m[0mprimary_queue_endpoint[0m[0m            = "https://tfinttestepm20230901.queue.core.windows.net/" [90m->[0m [0m[90mnull[0m[0m
I, [2023-09-03T20:02:45.630343 #31436]  INFO -- terraform-terraform:       [31m-[0m [0m[1m[0mprimary_queue_host[0m[0m                = "tfinttestepm20230901.queue.core.windows.net" [90m->[0m [0m[90mnull[0m[0m
I, [2023-09-03T20:02:45.630377 #31436]  INFO -- terraform-terraform:       [31m-[0m [0m[1m[0mprimary_table_endpoint[0m[0m            = "https://tfinttestepm20230901.table.core.windows.net/" [90m->[0m [0m[90mnull[0m[0m
I, [2023-09-03T20:02:45.630480 #31436]  INFO -- terraform-terraform:       [31m-[0m [0m[1m[0mprimary_table_host[0m[0m                = "tfinttestepm20230901.table.core.windows.net" [90m->[0m [0m[90mnull[0m[0m
I, [2023-09-03T20:02:45.630569 #31436]  INFO -- terraform-terraform:       [31m-[0m [0m[1m[0mprimary_web_endpoint[0m[0m              = "https://tfinttestepm20230901.z13.web.core.windows.net/" [90m->[0m [0m[90mnull[0m[0m
I, [2023-09-03T20:02:45.630646 #31436]  INFO -- terraform-terraform:       [31m-[0m [0m[1m[0mprimary_web_host[0m[0m                  = "tfinttestepm20230901.z13.web.core.windows.net" [90m->[0m [0m[90mnull[0m[0m
I, [2023-09-03T20:02:45.630713 #31436]  INFO -- terraform-terraform:       [31m-[0m [0m[1m[0mpublic_network_access_enabled[0m[0m     = true [90m->[0m [0m[90mnull[0m[0m
I, [2023-09-03T20:02:45.630836 #31436]  INFO -- terraform-terraform:       [31m-[0m [0m[1m[0mqueue_encryption_key_type[0m[0m         = "Service" [90m->[0m [0m[90mnull[0m[0m
I, [2023-09-03T20:02:45.630897 #31436]  INFO -- terraform-terraform:       [31m-[0m [0m[1m[0mresource_group_name[0m[0m               = "srini-epam-ctc-poc" [90m->[0m [0m[90mnull[0m[0m
I, [2023-09-03T20:02:45.631066 #31436]  INFO -- terraform-terraform:       [31m-[0m [0m[1m[0msecondary_access_key[0m[0m              = (sensitive value)
I, [2023-09-03T20:02:45.631122 #31436]  INFO -- terraform-terraform:       [31m-[0m [0m[1m[0msecondary_connection_string[0m[0m       = (sensitive value)
I, [2023-09-03T20:02:45.631170 #31436]  INFO -- terraform-terraform:       [31m-[0m [0m[1m[0msftp_enabled[0m[0m                      = false [90m->[0m [0m[90mnull[0m[0m
I, [2023-09-03T20:02:45.631218 #31436]  INFO -- terraform-terraform:       [31m-[0m [0m[1m[0mshared_access_key_enabled[0m[0m         = true [90m->[0m [0m[90mnull[0m[0m
I, [2023-09-03T20:02:45.631337 #31436]  INFO -- terraform-terraform:       [31m-[0m [0m[1m[0mtable_encryption_key_type[0m[0m         = "Service" [90m->[0m [0m[90mnull[0m[0m
I, [2023-09-03T20:02:45.631397 #31436]  INFO -- terraform-terraform:       [31m-[0m [0m[1m[0mtags[0m[0m                              = {
I, [2023-09-03T20:02:45.641011 #31436]  INFO -- terraform-terraform:    [31m-[0m [0m"costcenter"  = "TF1001"
I, [2023-09-03T20:02:45.641092 #31436]  INFO -- terraform-terraform:    [31m-[0m [0m"environment" = "dev"
I, [2023-09-03T20:02:45.641141 #31436]  INFO -- terraform-terraform:    [31m-[0m [0m"project"     = "epmint"
I, [2023-09-03T20:02:45.641182 #31436]  INFO -- terraform-terraform:  } [90m->[0m [0m[90mnull[0m[0m
I, [2023-09-03T20:02:45.641224 #31436]  INFO -- terraform-terraform: 
I, [2023-09-03T20:02:45.641259 #31436]  INFO -- terraform-terraform:       [31m-[0m [0mblob_properties {
I, [2023-09-03T20:02:45.641297 #31436]  INFO -- terraform-terraform:    [31m-[0m [0m[1m[0mchange_feed_enabled[0m[0m           = false [90m->[0m [0m[90mnull[0m[0m
I, [2023-09-03T20:02:45.641335 #31436]  INFO -- terraform-terraform:    [31m-[0m [0m[1m[0mchange_feed_retention_in_days[0m[0m = 0 [90m->[0m [0m[90mnull[0m[0m
I, [2023-09-03T20:02:45.641372 #31436]  INFO -- terraform-terraform:    [31m-[0m [0m[1m[0mlast_access_time_enabled[0m[0m      = false [90m->[0m [0m[90mnull[0m[0m
I, [2023-09-03T20:02:45.641409 #31436]  INFO -- terraform-terraform:    [31m-[0m [0m[1m[0mversioning_enabled[0m[0m            = false [90m->[0m [0m[90mnull[0m[0m
I, [2023-09-03T20:02:45.641447 #31436]  INFO -- terraform-terraform:  }
I, [2023-09-03T20:02:45.641481 #31436]  INFO -- terraform-terraform: 
I, [2023-09-03T20:02:45.641514 #31436]  INFO -- terraform-terraform:       [31m-[0m [0midentity {
I, [2023-09-03T20:02:45.641550 #31436]  INFO -- terraform-terraform:    [31m-[0m [0m[1m[0midentity_ids[0m[0m = [] [90m->[0m [0m[90mnull[0m[0m
I, [2023-09-03T20:02:45.641593 #31436]  INFO -- terraform-terraform:    [31m-[0m [0m[1m[0mprincipal_id[0m[0m = "e85ff08a-8e7b-45a8-ad39-ba9a0ecc1d11" [90m->[0m [0m[90mnull[0m[0m
I, [2023-09-03T20:02:45.641631 #31436]  INFO -- terraform-terraform:    [31m-[0m [0m[1m[0mtenant_id[0m[0m    = "b41b72d0-4e9f-4c26-8a69-f949f367c91d" [90m->[0m [0m[90mnull[0m[0m
I, [2023-09-03T20:02:45.641668 #31436]  INFO -- terraform-terraform:    [31m-[0m [0m[1m[0mtype[0m[0m         = "SystemAssigned" [90m->[0m [0m[90mnull[0m[0m
I, [2023-09-03T20:02:45.641704 #31436]  INFO -- terraform-terraform:  }
I, [2023-09-03T20:02:45.641738 #31436]  INFO -- terraform-terraform: 
I, [2023-09-03T20:02:45.641772 #31436]  INFO -- terraform-terraform:       [31m-[0m [0mnetwork_rules {
I, [2023-09-03T20:02:45.641809 #31436]  INFO -- terraform-terraform:    [31m-[0m [0m[1m[0mbypass[0m[0m                     = [
I, [2023-09-03T20:02:45.641845 #31436]  INFO -- terraform-terraform:        [31m-[0m [0m"None",
I, [2023-09-03T20:02:45.641881 #31436]  INFO -- terraform-terraform:      ] [90m->[0m [0m[90mnull[0m[0m
I, [2023-09-03T20:02:45.641918 #31436]  INFO -- terraform-terraform:    [31m-[0m [0m[1m[0mdefault_action[0m[0m             = "Allow" [90m->[0m [0m[90mnull[0m[0m
I, [2023-09-03T20:02:45.641960 #31436]  INFO -- terraform-terraform:    [31m-[0m [0m[1m[0mip_rules[0m[0m                   = [] [90m->[0m [0m[90mnull[0m[0m
I, [2023-09-03T20:02:45.641998 #31436]  INFO -- terraform-terraform:    [31m-[0m [0m[1m[0mvirtual_network_subnet_ids[0m[0m = [] [90m->[0m [0m[90mnull[0m[0m
I, [2023-09-03T20:02:45.642041 #31436]  INFO -- terraform-terraform:  }
I, [2023-09-03T20:02:45.642076 #31436]  INFO -- terraform-terraform: 
I, [2023-09-03T20:02:45.642110 #31436]  INFO -- terraform-terraform:       [31m-[0m [0mqueue_properties {
I, [2023-09-03T20:02:45.642143 #31436]  INFO -- terraform-terraform: 
I, [2023-09-03T20:02:45.642181 #31436]  INFO -- terraform-terraform:    [31m-[0m [0mhour_metrics {
I, [2023-09-03T20:02:45.642224 #31436]  INFO -- terraform-terraform:        [31m-[0m [0m[1m[0menabled[0m[0m               = true [90m->[0m [0m[90mnull[0m[0m
I, [2023-09-03T20:02:45.642262 #31436]  INFO -- terraform-terraform:        [31m-[0m [0m[1m[0minclude_apis[0m[0m          = true [90m->[0m [0m[90mnull[0m[0m
I, [2023-09-03T20:02:45.642300 #31436]  INFO -- terraform-terraform:        [31m-[0m [0m[1m[0mretention_policy_days[0m[0m = 7 [90m->[0m [0m[90mnull[0m[0m
I, [2023-09-03T20:02:45.642338 #31436]  INFO -- terraform-terraform:        [31m-[0m [0m[1m[0mversion[0m[0m               = "1.0" [90m->[0m [0m[90mnull[0m[0m
I, [2023-09-03T20:02:45.642432 #31436]  INFO -- terraform-terraform:      }
I, [2023-09-03T20:02:45.642496 #31436]  INFO -- terraform-terraform: 
I, [2023-09-03T20:02:45.642549 #31436]  INFO -- terraform-terraform:    [31m-[0m [0mlogging {
I, [2023-09-03T20:02:45.642600 #31436]  INFO -- terraform-terraform:        [31m-[0m [0m[1m[0mdelete[0m[0m                = false [90m->[0m [0m[90mnull[0m[0m
I, [2023-09-03T20:02:45.642651 #31436]  INFO -- terraform-terraform:        [31m-[0m [0m[1m[0mread[0m[0m                  = false [90m->[0m [0m[90mnull[0m[0m
I, [2023-09-03T20:02:45.642699 #31436]  INFO -- terraform-terraform:        [31m-[0m [0m[1m[0mretention_policy_days[0m[0m = 0 [90m->[0m [0m[90mnull[0m[0m
I, [2023-09-03T20:02:45.642746 #31436]  INFO -- terraform-terraform:        [31m-[0m [0m[1m[0mversion[0m[0m               = "1.0" [90m->[0m [0m[90mnull[0m[0m
I, [2023-09-03T20:02:45.642793 #31436]  INFO -- terraform-terraform:        [31m-[0m [0m[1m[0mwrite[0m[0m                 = false [90m->[0m [0m[90mnull[0m[0m
I, [2023-09-03T20:02:45.642841 #31436]  INFO -- terraform-terraform:      }
I, [2023-09-03T20:02:45.642892 #31436]  INFO -- terraform-terraform: 
I, [2023-09-03T20:02:45.642942 #31436]  INFO -- terraform-terraform:    [31m-[0m [0mminute_metrics {
I, [2023-09-03T20:02:45.642983 #31436]  INFO -- terraform-terraform:        [31m-[0m [0m[1m[0menabled[0m[0m               = false [90m->[0m [0m[90mnull[0m[0m
I, [2023-09-03T20:02:45.643021 #31436]  INFO -- terraform-terraform:        [31m-[0m [0m[1m[0minclude_apis[0m[0m          = false [90m->[0m [0m[90mnull[0m[0m
I, [2023-09-03T20:02:45.643058 #31436]  INFO -- terraform-terraform:        [31m-[0m [0m[1m[0mretention_policy_days[0m[0m = 0 [90m->[0m [0m[90mnull[0m[0m
I, [2023-09-03T20:02:45.643096 #31436]  INFO -- terraform-terraform:        [31m-[0m [0m[1m[0mversion[0m[0m               = "1.0" [90m->[0m [0m[90mnull[0m[0m
I, [2023-09-03T20:02:45.643132 #31436]  INFO -- terraform-terraform:      }
I, [2023-09-03T20:02:45.643170 #31436]  INFO -- terraform-terraform:  }
I, [2023-09-03T20:02:45.643204 #31436]  INFO -- terraform-terraform: 
I, [2023-09-03T20:02:45.643239 #31436]  INFO -- terraform-terraform:       [31m-[0m [0mshare_properties {
I, [2023-09-03T20:02:45.643273 #31436]  INFO -- terraform-terraform: 
I, [2023-09-03T20:02:45.643309 #31436]  INFO -- terraform-terraform:    [31m-[0m [0mretention_policy {
I, [2023-09-03T20:02:45.643352 #31436]  INFO -- terraform-terraform:        [31m-[0m [0m[1m[0mdays[0m[0m = 7 [90m->[0m [0m[90mnull[0m[0m
I, [2023-09-03T20:02:45.643391 #31436]  INFO -- terraform-terraform:      }
I, [2023-09-03T20:02:45.643428 #31436]  INFO -- terraform-terraform:  }
I, [2023-09-03T20:02:45.643462 #31436]  INFO -- terraform-terraform:     }
I, [2023-09-03T20:02:45.643495 #31436]  INFO -- terraform-terraform: 
I, [2023-09-03T20:02:45.643529 #31436]  INFO -- terraform-terraform: [1m  # module.storage_account["storage1"].random_string.main[0m will be [1m[31mdestroyed[0m[0m
I, [2023-09-03T20:02:45.643563 #31436]  INFO -- terraform-terraform: [0m  [31m-[0m[0m resource "random_string" "main" {
I, [2023-09-03T20:02:45.643598 #31436]  INFO -- terraform-terraform:       [31m-[0m [0m[1m[0mid[0m[0m          = "4c9" [90m->[0m [0m[90mnull[0m[0m
I, [2023-09-03T20:02:45.643642 #31436]  INFO -- terraform-terraform:       [31m-[0m [0m[1m[0mlength[0m[0m      = 3 [90m->[0m [0m[90mnull[0m[0m
I, [2023-09-03T20:02:45.643675 #31436]  INFO -- terraform-terraform:       [31m-[0m [0m[1m[0mlower[0m[0m       = true [90m->[0m [0m[90mnull[0m[0m
I, [2023-09-03T20:02:45.643709 #31436]  INFO -- terraform-terraform:       [31m-[0m [0m[1m[0mmin_lower[0m[0m   = 0 [90m->[0m [0m[90mnull[0m[0m
I, [2023-09-03T20:02:45.643743 #31436]  INFO -- terraform-terraform:       [31m-[0m [0m[1m[0mmin_numeric[0m[0m = 0 [90m->[0m [0m[90mnull[0m[0m
I, [2023-09-03T20:02:45.657960 #31436]  INFO -- terraform-terraform:       [31m-[0m [0m[1m[0mmin_special[0m[0m = 0 [90m->[0m [0m[90mnull[0m[0m
I, [2023-09-03T20:02:45.658033 #31436]  INFO -- terraform-terraform:       [31m-[0m [0m[1m[0mmin_upper[0m[0m   = 0 [90m->[0m [0m[90mnull[0m[0m
I, [2023-09-03T20:02:45.658072 #31436]  INFO -- terraform-terraform:       [31m-[0m [0m[1m[0mnumber[0m[0m      = true [90m->[0m [0m[90mnull[0m[0m
I, [2023-09-03T20:02:45.658108 #31436]  INFO -- terraform-terraform:       [31m-[0m [0m[1m[0mnumeric[0m[0m     = true [90m->[0m [0m[90mnull[0m[0m
I, [2023-09-03T20:02:45.658143 #31436]  INFO -- terraform-terraform:       [31m-[0m [0m[1m[0mresult[0m[0m      = "4c9" [90m->[0m [0m[90mnull[0m[0m
I, [2023-09-03T20:02:45.658178 #31436]  INFO -- terraform-terraform:       [31m-[0m [0m[1m[0mspecial[0m[0m     = false [90m->[0m [0m[90mnull[0m[0m
I, [2023-09-03T20:02:45.658212 #31436]  INFO -- terraform-terraform:       [31m-[0m [0m[1m[0mupper[0m[0m       = false [90m->[0m [0m[90mnull[0m[0m
I, [2023-09-03T20:02:45.658246 #31436]  INFO -- terraform-terraform:     }
I, [2023-09-03T20:02:45.658280 #31436]  INFO -- terraform-terraform: 
I, [2023-09-03T20:02:45.658316 #31436]  INFO -- terraform-terraform: [0m[1mPlan:[0m 0 to add, 0 to change, 3 to destroy.
I, [2023-09-03T20:02:45.658351 #31436]  INFO -- terraform-terraform: [0m[0m
I, [2023-09-03T20:02:45.658385 #31436]  INFO -- terraform-terraform: [1mChanges to Outputs:[0m[0m
I, [2023-09-03T20:02:45.658419 #31436]  INFO -- terraform-terraform:   [31m-[0m [0m[1m[0mstorage_account_name[0m[0m = "tfinttestepm20230901" [90m->[0m [0m[90mnull[0m[0m
I, [2023-09-03T20:02:54.535389 #31436]  INFO -- terraform-terraform: [0m[1mmodule.storage_account["storage1"].azurerm_storage_account.main: Destroying... [id=/subscriptions/0c829809-3ea0-423b-969d-23ff8c759098/resourceGroups/srini-epam-ctc-poc/providers/Microsoft.Storage/storageAccounts/tfinttestepm20230901][0m[0m
I, [2023-09-03T20:03:04.547059 #31436]  INFO -- terraform-terraform: [0m[1mmodule.storage_account["storage1"].azurerm_storage_account.main: Still destroying... [id=/subscriptions/0c829809-3ea0-423b-969d-...e/storageAccounts/tfinttestepm20230901, 10s elapsed][0m[0m
I, [2023-09-03T20:03:09.337262 #31436]  INFO -- terraform-terraform: [0m[1mmodule.storage_account["storage1"].azurerm_storage_account.main: Destruction complete after 14s[0m
I, [2023-09-03T20:03:09.365311 #31436]  INFO -- terraform-terraform: [0m[1mmodule.storage_account["storage1"].random_string.main: Destroying... [id=4c9][0m[0m
I, [2023-09-03T20:03:09.365484 #31436]  INFO -- terraform-terraform: [0m[1mmodule.storage_account["storage1"].random_string.main: Destruction complete after 0s[0m
I, [2023-09-03T20:03:09.380962 #31436]  INFO -- terraform-terraform: [0m[1mazurerm_key_vault.akv: Destroying... [id=/subscriptions/0c829809-3ea0-423b-969d-23ff8c759098/resourceGroups/srini-epam-ctc-poc/providers/Microsoft.KeyVault/vaults/epmakvinttest20230901][0m[0m
I, [2023-09-03T20:03:19.382073 #31436]  INFO -- terraform-terraform: [0m[1mazurerm_key_vault.akv: Still destroying... [id=/subscriptions/0c829809-3ea0-423b-969d-....KeyVault/vaults/epmakvinttest20230901, 10s elapsed][0m[0m
I, [2023-09-03T20:03:29.408892 #31436]  INFO -- terraform-terraform: [0m[1mazurerm_key_vault.akv: Still destroying... [id=/subscriptions/0c829809-3ea0-423b-969d-....KeyVault/vaults/epmakvinttest20230901, 20s elapsed][0m[0m
I, [2023-09-03T20:03:29.856313 #31436]  INFO -- terraform-terraform: [0m[1mazurerm_key_vault.akv: Destruction complete after 21s[0m
I, [2023-09-03T20:03:29.884948 #31436]  INFO -- terraform-terraform: [0m[1m[32m
I, [2023-09-03T20:03:29.885133 #31436]  INFO -- terraform-terraform: Destroy complete! Resources: 3 destroyed.
W, [2023-09-03T20:03:29.901580 #31436]  WARN -- terraform-terraform: Finished destroying the Terraform-managed infrastructure.
W, [2023-09-03T20:03:29.902226 #31436]  WARN -- terraform-terraform: Selecting the default Terraform workspace...
I, [2023-09-03T20:03:31.206279 #31436]  INFO -- terraform-terraform: [0m[0m[32mSwitched to workspace "default".[0m
W, [2023-09-03T20:03:31.231839 #31436]  WARN -- terraform-terraform: Finished selecting the default Terraform workspace.
W, [2023-09-03T20:03:31.233601 #31436]  WARN -- terraform-terraform: Deleting the kitchen-terraform-terraform-terraform Terraform workspace...
I, [2023-09-03T20:03:34.941054 #31436]  INFO -- terraform-terraform: [0m[32mDeleted workspace "kitchen-terraform-terraform-terraform"![0m
W, [2023-09-03T20:03:34.958118 #31436]  WARN -- terraform-terraform: Finished deleting the kitchen-terraform-terraform-terraform Terraform workspace.
I, [2023-09-03T20:03:34.959977 #31436]  INFO -- terraform-terraform: Finished destroying <terraform-terraform> (1m30.77s).
